[debug] [2017-12-15T00:01:17.742Z] ----------------------------------------------------------------------
[debug] [2017-12-15T00:01:17.745Z] Command:       /usr/local/bin/node /usr/local/bin/firebase serve
[debug] [2017-12-15T00:01:17.746Z] CLI Version:   3.16.0
[debug] [2017-12-15T00:01:17.746Z] Platform:      darwin
[debug] [2017-12-15T00:01:17.746Z] Node Version:  v6.11.3
[debug] [2017-12-15T00:01:17.747Z] Time:          Thu Dec 14 2017 18:01:17 GMT-0600 (CST)
[debug] [2017-12-15T00:01:17.747Z] ----------------------------------------------------------------------
[debug] 
[debug] [2017-12-15T00:01:17.780Z] > command requires scopes: ["email","openid","https://www.googleapis.com/auth/cloudplatformprojects.readonly","https://www.googleapis.com/auth/firebase","https://www.googleapis.com/auth/cloud-platform"]
[debug] [2017-12-15T00:01:17.780Z] > authorizing via signed-in user
[debug] [2017-12-15T00:01:17.782Z] > refreshing access token with scopes: ["email","https://www.googleapis.com/auth/cloud-platform","https://www.googleapis.com/auth/cloudplatformprojects.readonly","https://www.googleapis.com/auth/firebase","openid"]
[debug] [2017-12-15T00:01:17.783Z] >>> HTTP REQUEST POST https://www.googleapis.com/oauth2/v3/token  
 { refresh_token: '1/b2oXdzxbJzZ0dMSibDeX08w4bDyA2Axh5o9Z3Qja_l0',
  client_id: '563584335869-fgrhgmd47bqnekij5i8b5pr03ho849e6.apps.googleusercontent.com',
  client_secret: 'j9iVZfS8kkCEFUPaAeJV0sAi',
  grant_type: 'refresh_token',
  scope: 'email https://www.googleapis.com/auth/cloud-platform https://www.googleapis.com/auth/cloudplatformprojects.readonly https://www.googleapis.com/auth/firebase openid' } 
 Thu Dec 14 2017 18:01:17 GMT-0600 (CST)
[debug] [2017-12-15T00:01:17.927Z] <<< HTTP RESPONSE 200
[debug] [2017-12-15T00:01:17.953Z] >>> HTTP REQUEST GET https://admin.firebase.com/v1/projects/supermeow-dc20c  
  
 Thu Dec 14 2017 18:01:17 GMT-0600 (CST)
[debug] [2017-12-15T00:01:18.200Z] <<< HTTP RESPONSE 200
[debug] [2017-12-15T00:01:18.202Z] >>> HTTP REQUEST GET https://admin.firebase.com/v1/database/supermeow-dc20c/tokens  
  
 Thu Dec 14 2017 18:01:18 GMT-0600 (CST)
[debug] [2017-12-15T00:01:18.475Z] <<< HTTP RESPONSE 200
[info] 
[info] === Serving from '/Users/Fzuo/cordovaProject/SuperMeowPhaserFinal'...
[info] 
[debug] [2017-12-15T00:01:18.480Z] >>> HTTP REQUEST GET https://cloudresourcemanager.googleapis.com/v1/projects/supermeow-dc20c  
  
 Thu Dec 14 2017 18:01:18 GMT-0600 (CST)
[debug] [2017-12-15T00:01:18.662Z] <<< HTTP RESPONSE 200
[debug] [2017-12-15T00:01:18.663Z] >>> HTTP REQUEST GET https://mobilesdk-pa.googleapis.com/v1/projects/689979976743/clients/_:getWebAppConfig  
  
 Thu Dec 14 2017 18:01:18 GMT-0600 (CST)
[debug] [2017-12-15T00:01:18.895Z] <<< HTTP RESPONSE 200
[debug] [2017-12-15T00:01:18.935Z] TypeError: Cannot read property 'public' of undefined
    at Server.<anonymous> (/usr/local/lib/node_modules/firebase-tools/lib/serve/hosting.js:34:17)
    at Server.g (events.js:292:16)
    at emitNone (events.js:86:13)
    at Server.emit (events.js:185:7)
    at emitListeningNT (net.js:1284:10)
    at _combinedTickCallback (internal/process/next_tick.js:77:11)
    at process._tickDomainCallback (internal/process/next_tick.js:128:9)
[error] 
[error] Error: An unexpected error has occurred.
